#
# There is insufficient memory for the Java Runtime Environment to continue.
# Native memory allocation (mmap) failed to map 266338304 bytes for Failed to commit area from 0x0000000703400000 to 0x0000000713200000 of length 266338304.
# Possible reasons:
#   The system is out of physical RAM or swap space
#   The process is running with CompressedOops enabled, and the Java Heap may be blocking the growth of the native heap
# Possible solutions:
#   Reduce memory load on the system
#   Increase physical memory or swap space
#   Check if swap backing store is full
#   Decrease Java heap size (-Xmx/-Xms)
#   Decrease number of Java threads
#   Decrease Java thread stack sizes (-Xss)
#   Set larger code cache with -XX:ReservedCodeCacheSize=
# This output file may be truncated or incomplete.
#
#  Out of Memory Error (./src/hotspot/os/windows/os_windows.cpp:3521), pid=66868, tid=68688
#
# JRE version:  (11.0.12+7) (build )
# Java VM: OpenJDK 64-Bit Server VM (11.0.12+7-b1504.28, mixed mode, sharing, tiered, compressed oops, g1 gc, windows-amd64)
# No core dump will be written. Minidumps are not enabled by default on client versions of Windows
#

---------------  S U M M A R Y ------------

Command Line: git4idea.http.GitAskPassApp Username for 'https://github.com': 

Host: 12th Gen Intel(R) Core(TM) i7-12700F, 20 cores, 15G,  Windows 10 , 64 bit Build 22621 (10.0.22621.3672)
Time: Fri Jun 28 18:47:34 2024 中国标准时间 elapsed time: 0.006600 seconds (0d 0h 0m 0s)

---------------  T H R E A D  ---------------

Current thread (0x000002eab6312000):  JavaThread "Unknown thread" [_thread_in_vm, id=68688, stack(0x000000f8f5600000,0x000000f8f5700000)]

Stack: [0x000000f8f5600000,0x000000f8f5700000]
Native frames: (J=compiled Java code, j=interpreted, Vv=VM code, C=native code)
V  [jvm.dll+0x5ff40a]
V  [jvm.dll+0x783b65]
V  [jvm.dll+0x78517d]
V  [jvm.dll+0x785833]
V  [jvm.dll+0x249408]
V  [jvm.dll+0x5fc7f4]
V  [jvm.dll+0x5f13c5]
V  [jvm.dll+0x3076bb]
V  [jvm.dll+0x30762a]
V  [jvm.dll+0x307502]
V  [jvm.dll+0x30c466]
V  [jvm.dll+0x355543]
V  [jvm.dll+0x355c46]
V  [jvm.dll+0x355643]
V  [jvm.dll+0x2e2018]
V  [jvm.dll+0x2e31c7]
V  [jvm.dll+0x761f57]
V  [jvm.dll+0x76374c]
V  [jvm.dll+0x362ab9]
V  [jvm.dll+0x7455be]
V  [jvm.dll+0x3cb673]
V  [jvm.dll+0x3cda21]
C  [jli.dll+0x536b]
C  [ucrtbase.dll+0x29333]
C  [KERNEL32.DLL+0x1257d]
C  [ntdll.dll+0x5af28]


---------------  P R O C E S S  ---------------

Threads class SMR info:
_java_thread_list=0x000002eab4068330, length=0, elements={
}

Java Threads: ( => current thread )

Other Threads:
  0x000002eab632c800 GCTaskThread "GC Thread#0" [stack: 0x000000f8f5700000,0x000000f8f5800000] [id=58704]
  0x000002eab638a800 ConcurrentGCThread "G1 Main Marker" [stack: 0x000000f8f5800000,0x000000f8f5900000] [id=69596]
  0x000002eab638b800 ConcurrentGCThread "G1 Conc#0" [stack: 0x000000f8f5900000,0x000000f8f5a00000] [id=57556]

[error occurred during error reporting (printing all threads), id 0xc0000005, EXCEPTION_ACCESS_VIOLATION (0xc0000005) at pc=0x00007ff8396327a7]

VM state:not at safepoint (not fully initialized)

VM Mutex/Monitor currently owned by a thread:  ([mutex/lock_event])
[0x000002eab630f4e0] Heap_lock - owner thread: 0x000002eab6312000

Heap address: 0x0000000703400000, size: 4044 MB, Compressed Oops mode: Non-zero based: 0x0000000703400000
Narrow klass base: 0x0000000000000000, Narrow klass shift: 0

GC Heap History (0 events):
No events

Deoptimization events (0 events):
No events

Classes redefined (0 events):
No events

Internal exceptions (0 events):
No events

Events (1 events):
Event: 0.004 Loaded shared library D:\software\JetBrains\PyCharm 2021.2.2\jbr\bin\zip.dll


Dynamic libraries:
0x00007ff6501f0000 - 0x00007ff6501fa000 	D:\software\JetBrains\PyCharm 2021.2.2\jbr\bin\java.exe
0x00007ff8cc9f0000 - 0x00007ff8ccc07000 	C:\WINDOWS\SYSTEM32\ntdll.dll
0x00007ff8cb800000 - 0x00007ff8cb8c4000 	C:\WINDOWS\System32\KERNEL32.DLL
0x00007ff8c9eb0000 - 0x00007ff8ca25c000 	C:\WINDOWS\System32\KERNELBASE.dll
0x00007ff8ca3d0000 - 0x00007ff8ca4e1000 	C:\WINDOWS\System32\ucrtbase.dll
0x00007ff8be470000 - 0x00007ff8be489000 	D:\software\JetBrains\PyCharm 2021.2.2\jbr\bin\jli.dll
0x00007ff889b90000 - 0x00007ff889ba7000 	D:\software\JetBrains\PyCharm 2021.2.2\jbr\bin\VCRUNTIME140.dll
0x00007ff8caca0000 - 0x00007ff8cae4e000 	C:\WINDOWS\System32\USER32.dll
0x00007ff8ca5e0000 - 0x00007ff8ca606000 	C:\WINDOWS\System32\win32u.dll
0x00007ff8badd0000 - 0x00007ff8bb063000 	C:\WINDOWS\WinSxS\amd64_microsoft.windows.common-controls_6595b64144ccf1df_6.0.22621.3672_none_2713b9d173822955\COMCTL32.dll
0x00007ff8caea0000 - 0x00007ff8caf47000 	C:\WINDOWS\System32\msvcrt.dll
0x00007ff8cae70000 - 0x00007ff8cae99000 	C:\WINDOWS\System32\GDI32.dll
0x00007ff8c9d20000 - 0x00007ff8c9e39000 	C:\WINDOWS\System32\gdi32full.dll
0x00007ff8ca610000 - 0x00007ff8ca6aa000 	C:\WINDOWS\System32\msvcp_win.dll
0x00007ff8cb8d0000 - 0x00007ff8cb901000 	C:\WINDOWS\System32\IMM32.DLL
0x00007ff888cd0000 - 0x00007ff888d6d000 	D:\software\JetBrains\PyCharm 2021.2.2\jbr\bin\msvcp140.dll
0x00007ff839340000 - 0x00007ff839e98000 	D:\software\JetBrains\PyCharm 2021.2.2\jbr\bin\server\jvm.dll
0x00007ff8cc8f0000 - 0x00007ff8cc9a2000 	C:\WINDOWS\System32\ADVAPI32.dll
0x00007ff8cc840000 - 0x00007ff8cc8ea000 	C:\WINDOWS\System32\sechost.dll
0x00007ff8ca5b0000 - 0x00007ff8ca5d8000 	C:\WINDOWS\System32\bcrypt.dll
0x00007ff8cb410000 - 0x00007ff8cb525000 	C:\WINDOWS\System32\RPCRT4.dll
0x00007ff8caf50000 - 0x00007ff8caf58000 	C:\WINDOWS\System32\PSAPI.DLL
0x00007ff8c4180000 - 0x00007ff8c4189000 	C:\WINDOWS\SYSTEM32\WSOCK32.dll
0x00007ff8c2720000 - 0x00007ff8c272a000 	C:\WINDOWS\SYSTEM32\VERSION.dll
0x00007ff8bce80000 - 0x00007ff8bceb4000 	C:\WINDOWS\SYSTEM32\WINMM.dll
0x00007ff8ca970000 - 0x00007ff8ca9e1000 	C:\WINDOWS\System32\WS2_32.dll
0x00007ff8c8da0000 - 0x00007ff8c8db8000 	C:\WINDOWS\SYSTEM32\kernel.appcore.dll
0x00007ff8c2a50000 - 0x00007ff8c2a61000 	D:\software\JetBrains\PyCharm 2021.2.2\jbr\bin\verify.dll
0x00007ff8c75c0000 - 0x00007ff8c77f2000 	C:\WINDOWS\SYSTEM32\DBGHELP.DLL
0x00007ff8cafc0000 - 0x00007ff8cb348000 	C:\WINDOWS\System32\combase.dll
0x00007ff8cc1e0000 - 0x00007ff8cc2b7000 	C:\WINDOWS\System32\OLEAUT32.dll
0x00007ff8baa40000 - 0x00007ff8baa72000 	C:\WINDOWS\SYSTEM32\dbgcore.DLL
0x00007ff8ca6b0000 - 0x00007ff8ca72b000 	C:\WINDOWS\System32\bcryptPrimitives.dll
0x00007ff8be490000 - 0x00007ff8be4b9000 	D:\software\JetBrains\PyCharm 2021.2.2\jbr\bin\java.dll
0x00007ff8c4170000 - 0x00007ff8c417b000 	D:\software\JetBrains\PyCharm 2021.2.2\jbr\bin\jimage.dll
0x00007ff8be450000 - 0x00007ff8be468000 	D:\software\JetBrains\PyCharm 2021.2.2\jbr\bin\zip.dll

dbghelp: loaded successfully - version: 4.0.5 - missing functions: none
symbol engine: initialized successfully - sym options: 0x614 - pdb path: .;D:\software\JetBrains\PyCharm 2021.2.2\jbr\bin;C:\WINDOWS\SYSTEM32;C:\WINDOWS\WinSxS\amd64_microsoft.windows.common-controls_6595b64144ccf1df_6.0.22621.3672_none_2713b9d173822955;D:\software\JetBrains\PyCharm 2021.2.2\jbr\bin\server

VM Arguments:
java_command: git4idea.http.GitAskPassApp Username for 'https://github.com': 
java_class_path (initial): D:/software/JetBrains/PyCharm 2021.2.2/plugins/git4idea/lib/git4idea-rt.jar;D:/software/JetBrains/PyCharm 2021.2.2/lib/3rd-party.jar
Launcher Type: SUN_STANDARD

[Global flags]
     intx CICompilerCount                          = 12                                        {product} {ergonomic}
     uint ConcGCThreads                            = 4                                         {product} {ergonomic}
     uint G1ConcRefinementThreads                  = 15                                        {product} {ergonomic}
   size_t G1HeapRegionSize                         = 1048576                                   {product} {ergonomic}
    uintx GCDrainStackTargetSize                   = 64                                        {product} {ergonomic}
   size_t InitialHeapSize                          = 266338304                                 {product} {ergonomic}
   size_t MarkStackSize                            = 4194304                                   {product} {ergonomic}
   size_t MaxHeapSize                              = 4240441344                                {product} {ergonomic}
   size_t MinHeapDeltaBytes                        = 1048576                                   {product} {ergonomic}
    uintx NonNMethodCodeHeapSize                   = 7594288                                {pd product} {ergonomic}
    uintx NonProfiledCodeHeapSize                  = 122031976                              {pd product} {ergonomic}
    uintx ProfiledCodeHeapSize                     = 122031976                              {pd product} {ergonomic}
    uintx ReservedCodeCacheSize                    = 251658240                              {pd product} {ergonomic}
     bool SegmentedCodeCache                       = true                                      {product} {ergonomic}
     bool UseCompressedClassPointers               = true                                 {lp64_product} {ergonomic}
     bool UseCompressedOops                        = true                                 {lp64_product} {ergonomic}
     bool UseG1GC                                  = true                                      {product} {ergonomic}
     bool UseLargePagesIndividualAllocation        = false                                  {pd product} {ergonomic}

Logging:
Log output configuration:
 #0: stdout all=warning uptime,level,tags
 #1: stderr all=off uptime,level,tags

Environment Variables:
PATH=D:\software\Git\mingw64\libexec\git-core;D:\software\Git\mingw64\libexec\git-core;D:\software\Git\mingw64\bin;D:\software\Git\usr\bin;C:\Users\lushu\bin;C:\Program Files (x86)\Common Files\Oracle\Java\javapath;D:\software\VMware\VMware Workstation v16\bin;C:\Windows\system32;C:\Windows;C:\Windows\System32\Wbem;C:\Windows\System32\WindowsPowerShell\v1.0;C:\Windows\System32\OpenSSH;C:\Program Files (x86)\NVIDIA Corporation\PhysX\Common;D:\software\NetSarang\Xshell 7;C:\Program Files\Go\bin;C:\Program Files\MySQL\MySQL Server 8.0\bin;C:\WINDOWS\system32;C:\WINDOWS;C:\WINDOWS\System32\Wbem;C:\WINDOWS\System32\WindowsPowerShell\v1.0;C:\WINDOWS\System32\OpenSSH;D:\software\Git\cmd;C:\Users\lushu\AppData\Roaming\nvm;D:\software\nvm\nodejs;D:\software\nodejs;D:\software\hugo\hugo_extended_0.126.0_windows-amd64;C:\Program Files\MySQL\MySQL Shell 8.0\bin;C:\Users\lushu\AppData\Local\Programs\Python\Python310\Scripts;C:\Users\lushu\AppData\Local\Programs\Python\Python310;C:\Users\lushu\AppData\Local\Microsoft\WindowsApps;D:\software\JetBrains\GoLand 2019.2.3\bin;C:\Users\lushu\go\bin;D:\software\JetBrains\PyCharm Community Edition 2023.1.3\bin;C:\Users\lushu\AppData\Roaming\nvm;D:\software\nvm\nodejs;C:\Users\lushu\AppData\Roaming\npm;D:\software\hugo\hugo_extended_0.126.0_windows-amd64
USERNAME=lushu
DISPLAY=:0.0
LC_ALL=en_US.UTF-8
OS=Windows_NT
PROCESSOR_IDENTIFIER=Intel64 Family 6 Model 151 Stepping 2, GenuineIntel



---------------  S Y S T E M  ---------------

OS: Windows 10 , 64 bit Build 22621 (10.0.22621.3672)
OS uptime: 8 days 5:49 hours

CPU:total 20 (initial active 20) (10 cores per cpu, 2 threads per core) family 6 model 151 stepping 2 microcode 0x15, cmov, cx8, fxsr, mmx, sse, sse2, sse3, ssse3, sse4.1, sse4.2, popcnt, avx, avx2, aes, clmul, erms, 3dnowpref, lzcnt, ht, tsc, tscinvbit, bmi1, bmi2, adx, sha, fma

Memory: 4k page, system-wide physical 16169M (754M free)
TotalPageFile size 38533M (AvailPageFile size 85M)
current process WorkingSet (physical memory assigned to process): 11M, peak: 11M
current process commit charge ("private bytes"): 76M, peak: 330M

vm_info: OpenJDK 64-Bit Server VM (11.0.12+7-b1504.28) for windows-amd64 JRE (11.0.12+7-b1504.28), built on Sep  3 2021 08:39:15 by "" with MS VC++ 14.0 (VS2015)

END.
